0 verbose cli C:\Program Files\nodejs\node.exe C:\Program Files\nodejs\node_modules\npm\bin\npm-cli.js
1 info using npm@10.9.2
0 verbose cli C:\Program Files\nodejs\node.exe C:\Program Files\nodejs\node_modules\npm\bin\npm-cli.js
2 info using node@v22.13.1
3 silly config load:file:C:\Program Files\nodejs\node_modules\npm\npmrc
1 info using npm@10.9.2
4 silly config load:file:c:\Users\101018\Desktop\New folder\todo-app\.npmrc
5 silly config load:file:C:\Users\101018\.npmrc
6 silly config load:file:c:\Users\101018\Desktop\New folder\todo-app\$NVM_DIR\versions\node\20.10.0\lib\etc\npmrc
2 info using node@v22.13.1
3 silly config load:file:C:\Program Files\nodejs\node_modules\npm\npmrc
4 silly config load:file:c:\Users\101018\Desktop\New folder\todo-app\.npmrc
7 verbose title npm list
5 silly config load:file:C:\Users\101018\.npmrc
6 silly config load:file:c:\Users\101018\Desktop\New folder\todo-app\$NVM_DIR\versions\node\20.10.0\lib\etc\npmrc
7 verbose title npm outdated
8 verbose argv "list" "--json"
8 verbose argv "outdated" "--json"
9 verbose logfile logs-max:10 dir:c:\Users\101018\Desktop\New folder\todo-app\$NVM_DIR\versions\node\20.10.0\cache\_logs\2025-01-26T11_51_35_984Z-
10 verbose logfile c:\Users\101018\Desktop\New folder\todo-app\$NVM_DIR\versions\node\20.10.0\cache\_logs\2025-01-26T11_51_35_984Z-debug-0.log
9 verbose logfile logs-max:10 dir:c:\Users\101018\Desktop\New folder\todo-app\$NVM_DIR\versions\node\20.10.0\cache\_logs\2025-01-26T11_51_35_984Z-
10 verbose logfile c:\Users\101018\Desktop\New folder\todo-app\$NVM_DIR\versions\node\20.10.0\cache\_logs\2025-01-26T11_51_35_984Z-debug-0.log
11 silly logfile done cleaning log files
11 silly logfile done cleaning log files
12 silly packumentCache heap:2197815296 maxSize:549453824 maxEntrySize:274726912
12 silly packumentCache heap:2197815296 maxSize:549453824 maxEntrySize:274726912
13 verbose cwd c:\Users\101018\Desktop\New folder\todo-app
14 verbose os Windows_NT 10.0.19045
15 verbose node v22.13.1
16 verbose npm  v10.9.2
17 verbose exit 0
18 info ok
13 http fetch GET 200 https://registry.npmjs.org/axios 1907ms (cache miss)
14 http fetch GET 200 https://registry.npmjs.org/react 7147ms (cache updated)
15 http fetch GET 200 https://registry.npmjs.org/react-dom 8059ms (cache updated)
16 http fetch GET 200 https://registry.npmjs.org/next 8998ms (cache updated)
17 verbose cwd c:\Users\101018\Desktop\New folder\todo-app
18 verbose os Windows_NT 10.0.19045
19 verbose node v22.13.1
20 verbose npm  v10.9.2
21 verbose exit 0
22 info ok
