0 verbose cli C:\Program Files\nodejs\node.exe C:\Program Files\nodejs\node_modules\npm\bin\npm-cli.js
1 info using npm@10.9.2
2 info using node@v22.13.1
3 silly config load:file:C:\Program Files\nodejs\node_modules\npm\npmrc
0 verbose cli C:\Program Files\nodejs\node.exe C:\Program Files\nodejs\node_modules\npm\bin\npm-cli.js
4 silly config load:file:c:\Users\101018\Desktop\New folder\car-rental\.npmrc
5 silly config load:file:C:\Users\101018\.npmrc
6 silly config load:file:c:\Users\101018\Desktop\New folder\car-rental\$NVM_DIR\versions\node\20.10.0\lib\etc\npmrc
1 info using npm@10.9.2
7 verbose title npm outdated
8 verbose argv "outdated" "--json"
2 info using node@v22.13.1
3 silly config load:file:C:\Program Files\nodejs\node_modules\npm\npmrc
4 silly config load:file:c:\Users\101018\Desktop\New folder\car-rental\.npmrc
9 verbose logfile logs-max:10 dir:c:\Users\101018\Desktop\New folder\car-rental\$NVM_DIR\versions\node\20.10.0\cache\_logs\2025-01-27T03_17_18_284Z-
5 silly config load:file:C:\Users\101018\.npmrc
6 silly config load:file:c:\Users\101018\Desktop\New folder\car-rental\$NVM_DIR\versions\node\20.10.0\lib\etc\npmrc
7 verbose title npm list
10 verbose logfile c:\Users\101018\Desktop\New folder\car-rental\$NVM_DIR\versions\node\20.10.0\cache\_logs\2025-01-27T03_17_18_284Z-debug-0.log
8 verbose argv "list" "--json"
9 verbose logfile logs-max:10 dir:c:\Users\101018\Desktop\New folder\car-rental\$NVM_DIR\versions\node\20.10.0\cache\_logs\2025-01-27T03_17_18_284Z-
10 verbose logfile c:\Users\101018\Desktop\New folder\car-rental\$NVM_DIR\versions\node\20.10.0\cache\_logs\2025-01-27T03_17_18_284Z-debug-0.log
11 silly logfile done cleaning log files
11 silly logfile done cleaning log files
12 silly packumentCache heap:2197815296 maxSize:549453824 maxEntrySize:274726912
12 silly packumentCache heap:2197815296 maxSize:549453824 maxEntrySize:274726912
13 verbose cwd c:\Users\101018\Desktop\New folder\car-rental
14 verbose os Windows_NT 10.0.19045
15 verbose node v22.13.1
16 verbose npm  v10.9.2
17 verbose exit 0
18 info ok
13 http fetch GET 200 https://registry.npmjs.org/axios 412ms (cache updated)
14 http fetch GET 200 https://registry.npmjs.org/react-dom 693ms (cache updated)
15 http fetch GET 200 https://registry.npmjs.org/react 717ms (cache updated)
16 http fetch GET 200 https://registry.npmjs.org/next 943ms (cache updated)
17 verbose cwd c:\Users\101018\Desktop\New folder\car-rental
18 verbose os Windows_NT 10.0.19045
19 verbose node v22.13.1
20 verbose npm  v10.9.2
21 verbose exit 0
22 info ok
